<?xml version="1.0" encoding="UTF-8"?>
<!-- Generated by org.testng.reporters.JUnitXMLReporter -->
<testsuite ignored="0" hostname="DESKTOP-EDKEGH8" failures="0" tests="4" name="Default test" time="3.398" errors="0" timestamp="2024-10-23T12:26:14 EET">
  <testcase classname="MyTestCases" name="ChecktheEnglishLanguagIsDefault" time="0.047"/>
  <testcase classname="MyTestCases" name="ChecktheDefaultCurrencyIsSAR" time="0.043"/>
  <testcase classname="MyTestCases" name="CheckContactNumber" time="0.024"/>
  <testcase classname="MyTestCases" name="QitafLogoisDispalyed" time="0.035"/>
</testsuite> <!-- Default test -->
