<?xml version="1.0" encoding="UTF-8"?>
<!-- Generated by org.testng.reporters.JUnitXMLReporter -->
<testsuite ignored="7" hostname="DESKTOP-EDKEGH8" failures="0" tests="1" name="Default test" time="5.867" errors="0" timestamp="2024-10-24T14:05:47 EET">
  <testcase classname="MyTestCases" name="RandomlyChangeTheLanguage" time="0.762"/>
  <testcase classname="MyTestCases" name="CheckContactNumber" time="0.0">
    <ignored/>
  </testcase> <!-- CheckContactNumber -->
  <testcase classname="MyTestCases" name="ChecktheEnglishLanguagIsDefault" time="0.0">
    <ignored/>
  </testcase> <!-- ChecktheEnglishLanguagIsDefault -->
  <testcase classname="MyTestCases" name="CheckDepatureDate" time="0.0">
    <ignored/>
  </testcase> <!-- CheckDepatureDate -->
  <testcase classname="MyTestCases" name="ChecktheDefaultCurrencyIsSAR" time="0.0">
    <ignored/>
  </testcase> <!-- ChecktheDefaultCurrencyIsSAR -->
  <testcase classname="MyTestCases" name="QitafLogoisDispalyed" time="0.0">
    <ignored/>
  </testcase> <!-- QitafLogoisDispalyed -->
  <testcase classname="MyTestCases" name="CheckReturnDate" time="0.0">
    <ignored/>
  </testcase> <!-- CheckReturnDate -->
  <testcase classname="MyTestCases" name="CheckHotelTabIsNotSelected" time="0.0">
    <ignored/>
  </testcase> <!-- CheckHotelTabIsNotSelected -->
</testsuite> <!-- Default test -->
