<?xml version="1.0" encoding="UTF-8"?>
<testng-results ignored="7" total="8" passed="1" failed="0" skipped="0">
  <reporter-output>
  </reporter-output>
  <suite started-at="2024-10-24T14:05:41 EET" name="Default suite" finished-at="2024-10-24T14:05:47 EET" duration-ms="5867">
    <groups>
    </groups>
    <test started-at="2024-10-24T14:05:41 EET" name="Default test" finished-at="2024-10-24T14:05:47 EET" duration-ms="5867">
      <class name="MyTestCases">
        <test-method is-config="true" signature="MySetup()[pri:0, instance:MyTestCases@5669c5fb]" started-at="2024-10-24T14:05:41 EET" name="MySetup" finished-at="2024-10-24T14:05:46 EET" duration-ms="5075" status="PASS">
          <reporter-output>
          </reporter-output>
        </test-method> <!-- MySetup -->
        <test-method signature="RandomlyChangeTheLanguage()[pri:8, instance:MyTestCases@5669c5fb]" started-at="2024-10-24T14:05:46 EET" name="RandomlyChangeTheLanguage" finished-at="2024-10-24T14:05:47 EET" duration-ms="762" status="PASS">
          <reporter-output>
          </reporter-output>
        </test-method> <!-- RandomlyChangeTheLanguage -->
      </class> <!-- MyTestCases -->
    </test> <!-- Default test -->
  </suite> <!-- Default suite -->
</testng-results>
